C:\USERS\TESS\DOCUMENTS\VISUAL STUDIO 2012\PROJECTS\DARKGDK - UNOFFICIAL R114(FULL SOURCE)\DARKGDK\DARKGDK\CODE\COMPILER - VISUAL STUDIO 9\SOUND\RELEASE\GLOBSTRUCT.OBJ
C:\USERS\TESS\DOCUMENTS\VISUAL STUDIO 2012\PROJECTS\DARKGDK - UNOFFICIAL R114(FULL SOURCE)\DARKGDK\DARKGDK\CODE\COMPILER - VISUAL STUDIO 9\SOUND\RELEASE\ADPCMTOWAV.OBJ
C:\USERS\TESS\DOCUMENTS\VISUAL STUDIO 2012\PROJECTS\DARKGDK - UNOFFICIAL R114(FULL SOURCE)\DARKGDK\DARKGDK\CODE\COMPILER - VISUAL STUDIO 9\SOUND\RELEASE\CDATAC.OBJ
C:\USERS\TESS\DOCUMENTS\VISUAL STUDIO 2012\PROJECTS\DARKGDK - UNOFFICIAL R114(FULL SOURCE)\DARKGDK\DARKGDK\CODE\COMPILER - VISUAL STUDIO 9\SOUND\RELEASE\DXUTIL.OBJ
C:\USERS\TESS\DOCUMENTS\VISUAL STUDIO 2012\PROJECTS\DARKGDK - UNOFFICIAL R114(FULL SOURCE)\DARKGDK\DARKGDK\CODE\COMPILER - VISUAL STUDIO 9\SOUND\RELEASE\DSUTIL.OBJ
C:\USERS\TESS\DOCUMENTS\VISUAL STUDIO 2012\PROJECTS\DARKGDK - UNOFFICIAL R114(FULL SOURCE)\DARKGDK\DARKGDK\CODE\COMPILER - VISUAL STUDIO 9\SOUND\RELEASE\CSOUNDMANAGERC.OBJ
C:\USERS\TESS\DOCUMENTS\VISUAL STUDIO 2012\PROJECTS\DARKGDK - UNOFFICIAL R114(FULL SOURCE)\DARKGDK\DARKGDK\CODE\COMPILER - VISUAL STUDIO 9\SOUND\RELEASE\CSOUNDC.OBJ
C:\USERS\TESS\DOCUMENTS\VISUAL STUDIO 2012\PROJECTS\DARKGDK - UNOFFICIAL R114(FULL SOURCE)\DARKGDK\DARKGDK\CODE\COMPILER - VISUAL STUDIO 9\SOUND\RELEASE\VC110.PDB
C:\USERS\TESS\DOCUMENTS\VISUAL STUDIO 2012\PROJECTS\DARKGDK - UNOFFICIAL R114(FULL SOURCE)\DARKGDK\DARKGDK\CODE\LIB\VS9\SOUND.LIB
C:\Users\tess\Documents\Visual Studio 2012\Projects\DarkGDK - Unofficial r114(full source)\DarkGDK\DarkGDK\Code\Compiler - Visual Studio 9\Sound\Release\ADPCMtoWAV.obj
C:\Users\tess\Documents\Visual Studio 2012\Projects\DarkGDK - Unofficial r114(full source)\DarkGDK\DarkGDK\Code\Compiler - Visual Studio 9\Sound\Release\CDataC.obj
C:\Users\tess\Documents\Visual Studio 2012\Projects\DarkGDK - Unofficial r114(full source)\DarkGDK\DarkGDK\Code\Compiler - Visual Studio 9\Sound\Release\CSoundC.obj
C:\Users\tess\Documents\Visual Studio 2012\Projects\DarkGDK - Unofficial r114(full source)\DarkGDK\DarkGDK\Code\Compiler - Visual Studio 9\Sound\Release\CSoundManagerC.obj
C:\Users\tess\Documents\Visual Studio 2012\Projects\DarkGDK - Unofficial r114(full source)\DarkGDK\DarkGDK\Code\Compiler - Visual Studio 9\Sound\Release\dsutil.obj
C:\Users\tess\Documents\Visual Studio 2012\Projects\DarkGDK - Unofficial r114(full source)\DarkGDK\DarkGDK\Code\Compiler - Visual Studio 9\Sound\Release\dxutil.obj
C:\Users\tess\Documents\Visual Studio 2012\Projects\DarkGDK - Unofficial r114(full source)\DarkGDK\DarkGDK\Code\Compiler - Visual Studio 9\Sound\Release\globstruct.obj
C:\Users\tess\Documents\Visual Studio 2012\Projects\DarkGDK - Unofficial r114(full source)\DarkGDK\DarkGDK\Code\Compiler - Visual Studio 9\Sound\Release\cl.command.1.tlog
C:\Users\tess\Documents\Visual Studio 2012\Projects\DarkGDK - Unofficial r114(full source)\DarkGDK\DarkGDK\Code\Compiler - Visual Studio 9\Sound\Release\CL.read.1.tlog
C:\Users\tess\Documents\Visual Studio 2012\Projects\DarkGDK - Unofficial r114(full source)\DarkGDK\DarkGDK\Code\Compiler - Visual Studio 9\Sound\Release\CL.write.1.tlog
C:\Users\tess\Documents\Visual Studio 2012\Projects\DarkGDK - Unofficial r114(full source)\DarkGDK\DarkGDK\Code\Compiler - Visual Studio 9\Sound\Release\Lib-link.read.1.tlog
C:\Users\tess\Documents\Visual Studio 2012\Projects\DarkGDK - Unofficial r114(full source)\DarkGDK\DarkGDK\Code\Compiler - Visual Studio 9\Sound\Release\Lib-link.write.1.tlog
C:\Users\tess\Documents\Visual Studio 2012\Projects\DarkGDK - Unofficial r114(full source)\DarkGDK\DarkGDK\Code\Compiler - Visual Studio 9\Sound\Release\lib.command.1.tlog
C:\Users\tess\Documents\Visual Studio 2012\Projects\DarkGDK - Unofficial r114(full source)\DarkGDK\DarkGDK\Code\Compiler - Visual Studio 9\Sound\Release\vc110.pdb
