C:\USERS\TESS\DOCUMENTS\VISUAL STUDIO 2012\PROJECTS\DARKGDK - UNOFFICIAL R114(FULL SOURCE)\DARKGDK\DARKGDK\CODE\COMPILER - VISUAL STUDIO 9\CAMERA\RELEASE\TEXTUREBACKDROP.OBJ
C:\USERS\TESS\DOCUMENTS\VISUAL STUDIO 2012\PROJECTS\DARKGDK - UNOFFICIAL R114(FULL SOURCE)\DARKGDK\DARKGDK\CODE\COMPILER - VISUAL STUDIO 9\CAMERA\RELEASE\STEREOSCOPICS.OBJ
C:\USERS\TESS\DOCUMENTS\VISUAL STUDIO 2012\PROJECTS\DARKGDK - UNOFFICIAL R114(FULL SOURCE)\DARKGDK\DARKGDK\CODE\COMPILER - VISUAL STUDIO 9\CAMERA\RELEASE\CDATAC.OBJ
C:\USERS\TESS\DOCUMENTS\VISUAL STUDIO 2012\PROJECTS\DARKGDK - UNOFFICIAL R114(FULL SOURCE)\DARKGDK\DARKGDK\CODE\COMPILER - VISUAL STUDIO 9\CAMERA\RELEASE\CCAMERAMANAGERC.OBJ
C:\USERS\TESS\DOCUMENTS\VISUAL STUDIO 2012\PROJECTS\DARKGDK - UNOFFICIAL R114(FULL SOURCE)\DARKGDK\DARKGDK\CODE\COMPILER - VISUAL STUDIO 9\CAMERA\RELEASE\CCAMERADATAC.OBJ
C:\USERS\TESS\DOCUMENTS\VISUAL STUDIO 2012\PROJECTS\DARKGDK - UNOFFICIAL R114(FULL SOURCE)\DARKGDK\DARKGDK\CODE\COMPILER - VISUAL STUDIO 9\CAMERA\RELEASE\CCAMERAC.OBJ
C:\USERS\TESS\DOCUMENTS\VISUAL STUDIO 2012\PROJECTS\DARKGDK - UNOFFICIAL R114(FULL SOURCE)\DARKGDK\DARKGDK\CODE\COMPILER - VISUAL STUDIO 9\CAMERA\RELEASE\VC110.PDB
C:\USERS\TESS\DOCUMENTS\VISUAL STUDIO 2012\PROJECTS\DARKGDK - UNOFFICIAL R114(FULL SOURCE)\DARKGDK\DARKGDK\CODE\LIB\VS9\CAMERA.LIB
C:\Users\tess\Documents\Visual Studio 2012\Projects\DarkGDK - Unofficial r114(full source)\DarkGDK\DarkGDK\Code\Compiler - Visual Studio 9\Camera\Release\CCameraC.obj
C:\Users\tess\Documents\Visual Studio 2012\Projects\DarkGDK - Unofficial r114(full source)\DarkGDK\DarkGDK\Code\Compiler - Visual Studio 9\Camera\Release\CCameraDataC.obj
C:\Users\tess\Documents\Visual Studio 2012\Projects\DarkGDK - Unofficial r114(full source)\DarkGDK\DarkGDK\Code\Compiler - Visual Studio 9\Camera\Release\CCameraManagerC.obj
C:\Users\tess\Documents\Visual Studio 2012\Projects\DarkGDK - Unofficial r114(full source)\DarkGDK\DarkGDK\Code\Compiler - Visual Studio 9\Camera\Release\CDataC.obj
C:\Users\tess\Documents\Visual Studio 2012\Projects\DarkGDK - Unofficial r114(full source)\DarkGDK\DarkGDK\Code\Compiler - Visual Studio 9\Camera\Release\Stereoscopics.obj
C:\Users\tess\Documents\Visual Studio 2012\Projects\DarkGDK - Unofficial r114(full source)\DarkGDK\DarkGDK\Code\Compiler - Visual Studio 9\Camera\Release\TextureBackdrop.obj
C:\Users\tess\Documents\Visual Studio 2012\Projects\DarkGDK - Unofficial r114(full source)\DarkGDK\DarkGDK\Code\Compiler - Visual Studio 9\Camera\Release\cl.command.1.tlog
C:\Users\tess\Documents\Visual Studio 2012\Projects\DarkGDK - Unofficial r114(full source)\DarkGDK\DarkGDK\Code\Compiler - Visual Studio 9\Camera\Release\CL.read.1.tlog
C:\Users\tess\Documents\Visual Studio 2012\Projects\DarkGDK - Unofficial r114(full source)\DarkGDK\DarkGDK\Code\Compiler - Visual Studio 9\Camera\Release\CL.write.1.tlog
C:\Users\tess\Documents\Visual Studio 2012\Projects\DarkGDK - Unofficial r114(full source)\DarkGDK\DarkGDK\Code\Compiler - Visual Studio 9\Camera\Release\Lib-link.read.1.tlog
C:\Users\tess\Documents\Visual Studio 2012\Projects\DarkGDK - Unofficial r114(full source)\DarkGDK\DarkGDK\Code\Compiler - Visual Studio 9\Camera\Release\Lib-link.write.1.tlog
C:\Users\tess\Documents\Visual Studio 2012\Projects\DarkGDK - Unofficial r114(full source)\DarkGDK\DarkGDK\Code\Compiler - Visual Studio 9\Camera\Release\lib.command.1.tlog
C:\Users\tess\Documents\Visual Studio 2012\Projects\DarkGDK - Unofficial r114(full source)\DarkGDK\DarkGDK\Code\Compiler - Visual Studio 9\Camera\Release\vc110.pdb
