C:\USERS\TESS\DOCUMENTS\VISUAL STUDIO 2012\PROJECTS\DARKGDK - UNOFFICIAL R114(FULL SOURCE)\DARKGDK\DARKGDK\CODE\COMPILER - VISUAL STUDIO 9\CORE\RELEASE\RENDERLIST.OBJ
C:\USERS\TESS\DOCUMENTS\VISUAL STUDIO 2012\PROJECTS\DARKGDK - UNOFFICIAL R114(FULL SOURCE)\DARKGDK\DARKGDK\CODE\COMPILER - VISUAL STUDIO 9\CORE\RELEASE\GLOBSTRUCT.OBJ
C:\USERS\TESS\DOCUMENTS\VISUAL STUDIO 2012\PROJECTS\DARKGDK - UNOFFICIAL R114(FULL SOURCE)\DARKGDK\DARKGDK\CODE\COMPILER - VISUAL STUDIO 9\CORE\RELEASE\ENCRYPTOR.OBJ
C:\USERS\TESS\DOCUMENTS\VISUAL STUDIO 2012\PROJECTS\DARKGDK - UNOFFICIAL R114(FULL SOURCE)\DARKGDK\DARKGDK\CODE\COMPILER - VISUAL STUDIO 9\CORE\RELEASE\DBDLLGDI.OBJ
C:\USERS\TESS\DOCUMENTS\VISUAL STUDIO 2012\PROJECTS\DARKGDK - UNOFFICIAL R114(FULL SOURCE)\DARKGDK\DARKGDK\CODE\COMPILER - VISUAL STUDIO 9\CORE\RELEASE\DBDLLEXTCALLS.OBJ
C:\USERS\TESS\DOCUMENTS\VISUAL STUDIO 2012\PROJECTS\DARKGDK - UNOFFICIAL R114(FULL SOURCE)\DARKGDK\DARKGDK\CODE\COMPILER - VISUAL STUDIO 9\CORE\RELEASE\DBDLLEXT.OBJ
C:\USERS\TESS\DOCUMENTS\VISUAL STUDIO 2012\PROJECTS\DARKGDK - UNOFFICIAL R114(FULL SOURCE)\DARKGDK\DARKGDK\CODE\COMPILER - VISUAL STUDIO 9\CORE\RELEASE\DBDLLDISPLAY.OBJ
C:\USERS\TESS\DOCUMENTS\VISUAL STUDIO 2012\PROJECTS\DARKGDK - UNOFFICIAL R114(FULL SOURCE)\DARKGDK\DARKGDK\CODE\COMPILER - VISUAL STUDIO 9\CORE\RELEASE\DBDLLCOREINTERNAL.OBJ
C:\USERS\TESS\DOCUMENTS\VISUAL STUDIO 2012\PROJECTS\DARKGDK - UNOFFICIAL R114(FULL SOURCE)\DARKGDK\DARKGDK\CODE\COMPILER - VISUAL STUDIO 9\CORE\RELEASE\DBDLLCORE.OBJ
C:\USERS\TESS\DOCUMENTS\VISUAL STUDIO 2012\PROJECTS\DARKGDK - UNOFFICIAL R114(FULL SOURCE)\DARKGDK\DARKGDK\CODE\COMPILER - VISUAL STUDIO 9\CORE\RELEASE\CERROR.OBJ
C:\USERS\TESS\DOCUMENTS\VISUAL STUDIO 2012\PROJECTS\DARKGDK - UNOFFICIAL R114(FULL SOURCE)\DARKGDK\DARKGDK\CODE\COMPILER - VISUAL STUDIO 9\CORE\RELEASE\VC110.PDB
C:\USERS\TESS\DOCUMENTS\VISUAL STUDIO 2012\PROJECTS\DARKGDK - UNOFFICIAL R114(FULL SOURCE)\DARKGDK\DARKGDK\CODE\LIB\VS9\CORE.LIB
C:\Users\tess\Documents\Visual Studio 2012\Projects\DarkGDK - Unofficial r114(full source)\DarkGDK\DarkGDK\Code\Compiler - Visual Studio 9\Core\Release\CError.obj
C:\Users\tess\Documents\Visual Studio 2012\Projects\DarkGDK - Unofficial r114(full source)\DarkGDK\DarkGDK\Code\Compiler - Visual Studio 9\Core\Release\DBDLLCore.obj
C:\Users\tess\Documents\Visual Studio 2012\Projects\DarkGDK - Unofficial r114(full source)\DarkGDK\DarkGDK\Code\Compiler - Visual Studio 9\Core\Release\DBDLLCoreInternal.obj
C:\Users\tess\Documents\Visual Studio 2012\Projects\DarkGDK - Unofficial r114(full source)\DarkGDK\DarkGDK\Code\Compiler - Visual Studio 9\Core\Release\DBDLLDisplay.obj
C:\Users\tess\Documents\Visual Studio 2012\Projects\DarkGDK - Unofficial r114(full source)\DarkGDK\DarkGDK\Code\Compiler - Visual Studio 9\Core\Release\DBDLLEXT.obj
C:\Users\tess\Documents\Visual Studio 2012\Projects\DarkGDK - Unofficial r114(full source)\DarkGDK\DarkGDK\Code\Compiler - Visual Studio 9\Core\Release\DBDLLExtCalls.obj
C:\Users\tess\Documents\Visual Studio 2012\Projects\DarkGDK - Unofficial r114(full source)\DarkGDK\DarkGDK\Code\Compiler - Visual Studio 9\Core\Release\DBDLLGDI.obj
C:\Users\tess\Documents\Visual Studio 2012\Projects\DarkGDK - Unofficial r114(full source)\DarkGDK\DarkGDK\Code\Compiler - Visual Studio 9\Core\Release\Encryptor.obj
C:\Users\tess\Documents\Visual Studio 2012\Projects\DarkGDK - Unofficial r114(full source)\DarkGDK\DarkGDK\Code\Compiler - Visual Studio 9\Core\Release\globstruct.obj
C:\Users\tess\Documents\Visual Studio 2012\Projects\DarkGDK - Unofficial r114(full source)\DarkGDK\DarkGDK\Code\Compiler - Visual Studio 9\Core\Release\RenderList.obj
C:\Users\tess\Documents\Visual Studio 2012\Projects\DarkGDK - Unofficial r114(full source)\DarkGDK\DarkGDK\Code\Compiler - Visual Studio 9\Core\Release\cl.command.1.tlog
C:\Users\tess\Documents\Visual Studio 2012\Projects\DarkGDK - Unofficial r114(full source)\DarkGDK\DarkGDK\Code\Compiler - Visual Studio 9\Core\Release\CL.read.1.tlog
C:\Users\tess\Documents\Visual Studio 2012\Projects\DarkGDK - Unofficial r114(full source)\DarkGDK\DarkGDK\Code\Compiler - Visual Studio 9\Core\Release\CL.write.1.tlog
C:\Users\tess\Documents\Visual Studio 2012\Projects\DarkGDK - Unofficial r114(full source)\DarkGDK\DarkGDK\Code\Compiler - Visual Studio 9\Core\Release\Lib-link.read.1.tlog
C:\Users\tess\Documents\Visual Studio 2012\Projects\DarkGDK - Unofficial r114(full source)\DarkGDK\DarkGDK\Code\Compiler - Visual Studio 9\Core\Release\Lib-link.write.1.tlog
C:\Users\tess\Documents\Visual Studio 2012\Projects\DarkGDK - Unofficial r114(full source)\DarkGDK\DarkGDK\Code\Compiler - Visual Studio 9\Core\Release\lib.command.1.tlog
C:\Users\tess\Documents\Visual Studio 2012\Projects\DarkGDK - Unofficial r114(full source)\DarkGDK\DarkGDK\Code\Compiler - Visual Studio 9\Core\Release\vc110.pdb
