C:\USERS\TESS\DOCUMENTS\VISUAL STUDIO 2012\PROJECTS\DARKGDK - UNOFFICIAL R114(FULL SOURCE)\DARKGDK\DARKGDK\CODE\COMPILER - VISUAL STUDIO 9\BASIC3D\RELEASE\DBOMESH.OBJ
C:\USERS\TESS\DOCUMENTS\VISUAL STUDIO 2012\PROJECTS\DARKGDK - UNOFFICIAL R114(FULL SOURCE)\DARKGDK\DARKGDK\CODE\COMPILER - VISUAL STUDIO 9\BASIC3D\RELEASE\DBOFRAME.OBJ
C:\USERS\TESS\DOCUMENTS\VISUAL STUDIO 2012\PROJECTS\DARKGDK - UNOFFICIAL R114(FULL SOURCE)\DARKGDK\DARKGDK\CODE\COMPILER - VISUAL STUDIO 9\BASIC3D\RELEASE\DBOFORMAT.OBJ
C:\USERS\TESS\DOCUMENTS\VISUAL STUDIO 2012\PROJECTS\DARKGDK - UNOFFICIAL R114(FULL SOURCE)\DARKGDK\DARKGDK\CODE\COMPILER - VISUAL STUDIO 9\BASIC3D\RELEASE\DBOFILE.OBJ
C:\USERS\TESS\DOCUMENTS\VISUAL STUDIO 2012\PROJECTS\DARKGDK - UNOFFICIAL R114(FULL SOURCE)\DARKGDK\DARKGDK\CODE\COMPILER - VISUAL STUDIO 9\BASIC3D\RELEASE\DBOEXTERNALS.OBJ
C:\USERS\TESS\DOCUMENTS\VISUAL STUDIO 2012\PROJECTS\DARKGDK - UNOFFICIAL R114(FULL SOURCE)\DARKGDK\DARKGDK\CODE\COMPILER - VISUAL STUDIO 9\BASIC3D\RELEASE\DBOEFFECTS.OBJ
C:\USERS\TESS\DOCUMENTS\VISUAL STUDIO 2012\PROJECTS\DARKGDK - UNOFFICIAL R114(FULL SOURCE)\DARKGDK\DARKGDK\CODE\COMPILER - VISUAL STUDIO 9\BASIC3D\RELEASE\DBODATA.OBJ
C:\USERS\TESS\DOCUMENTS\VISUAL STUDIO 2012\PROJECTS\DARKGDK - UNOFFICIAL R114(FULL SOURCE)\DARKGDK\DARKGDK\CODE\COMPILER - VISUAL STUDIO 9\BASIC3D\RELEASE\DBOBLOCK.OBJ
C:\USERS\TESS\DOCUMENTS\VISUAL STUDIO 2012\PROJECTS\DARKGDK - UNOFFICIAL R114(FULL SOURCE)\DARKGDK\DARKGDK\CODE\COMPILER - VISUAL STUDIO 9\BASIC3D\RELEASE\COLLISION.OBJ
C:\USERS\TESS\DOCUMENTS\VISUAL STUDIO 2012\PROJECTS\DARKGDK - UNOFFICIAL R114(FULL SOURCE)\DARKGDK\DARKGDK\CODE\COMPILER - VISUAL STUDIO 9\BASIC3D\RELEASE\COL_TYPES.OBJ
C:\USERS\TESS\DOCUMENTS\VISUAL STUDIO 2012\PROJECTS\DARKGDK - UNOFFICIAL R114(FULL SOURCE)\DARKGDK\DARKGDK\CODE\COMPILER - VISUAL STUDIO 9\BASIC3D\RELEASE\COL_STEP.OBJ
C:\USERS\TESS\DOCUMENTS\VISUAL STUDIO 2012\PROJECTS\DARKGDK - UNOFFICIAL R114(FULL SOURCE)\DARKGDK\DARKGDK\CODE\COMPILER - VISUAL STUDIO 9\BASIC3D\RELEASE\COL_RESPONSE.OBJ
C:\USERS\TESS\DOCUMENTS\VISUAL STUDIO 2012\PROJECTS\DARKGDK - UNOFFICIAL R114(FULL SOURCE)\DARKGDK\DARKGDK\CODE\COMPILER - VISUAL STUDIO 9\BASIC3D\RELEASE\POLYPOOL.OBJ
C:\USERS\TESS\DOCUMENTS\VISUAL STUDIO 2012\PROJECTS\DARKGDK - UNOFFICIAL R114(FULL SOURCE)\DARKGDK\DARKGDK\CODE\COMPILER - VISUAL STUDIO 9\BASIC3D\RELEASE\CCOLLISION.OBJ
C:\USERS\TESS\DOCUMENTS\VISUAL STUDIO 2012\PROJECTS\DARKGDK - UNOFFICIAL R114(FULL SOURCE)\DARKGDK\DARKGDK\CODE\COMPILER - VISUAL STUDIO 9\BASIC3D\RELEASE\CBOXCOL.OBJ
C:\USERS\TESS\DOCUMENTS\VISUAL STUDIO 2012\PROJECTS\DARKGDK - UNOFFICIAL R114(FULL SOURCE)\DARKGDK\DARKGDK\CODE\COMPILER - VISUAL STUDIO 9\BASIC3D\RELEASE\3DCOL.OBJ
C:\USERS\TESS\DOCUMENTS\VISUAL STUDIO 2012\PROJECTS\DARKGDK - UNOFFICIAL R114(FULL SOURCE)\DARKGDK\DARKGDK\CODE\COMPILER - VISUAL STUDIO 9\BASIC3D\RELEASE\CPOSITIONC.OBJ
C:\USERS\TESS\DOCUMENTS\VISUAL STUDIO 2012\PROJECTS\DARKGDK - UNOFFICIAL R114(FULL SOURCE)\DARKGDK\DARKGDK\CODE\COMPILER - VISUAL STUDIO 9\BASIC3D\RELEASE\COMMONC.OBJ
C:\USERS\TESS\DOCUMENTS\VISUAL STUDIO 2012\PROJECTS\DARKGDK - UNOFFICIAL R114(FULL SOURCE)\DARKGDK\DARKGDK\CODE\COMPILER - VISUAL STUDIO 9\BASIC3D\RELEASE\COBJECTSC.OBJ
C:\USERS\TESS\DOCUMENTS\VISUAL STUDIO 2012\PROJECTS\DARKGDK - UNOFFICIAL R114(FULL SOURCE)\DARKGDK\DARKGDK\CODE\COMPILER - VISUAL STUDIO 9\BASIC3D\RELEASE\COBJECTMANAGERC.OBJ
C:\USERS\TESS\DOCUMENTS\VISUAL STUDIO 2012\PROJECTS\DARKGDK - UNOFFICIAL R114(FULL SOURCE)\DARKGDK\DARKGDK\CODE\COMPILER - VISUAL STUDIO 9\BASIC3D\RELEASE\PROCESSHSR.OBJ
C:\USERS\TESS\DOCUMENTS\VISUAL STUDIO 2012\PROJECTS\DARKGDK - UNOFFICIAL R114(FULL SOURCE)\DARKGDK\DARKGDK\CODE\COMPILER - VISUAL STUDIO 9\BASIC3D\RELEASE\CVECTOR.OBJ
C:\USERS\TESS\DOCUMENTS\VISUAL STUDIO 2012\PROJECTS\DARKGDK - UNOFFICIAL R114(FULL SOURCE)\DARKGDK\DARKGDK\CODE\COMPILER - VISUAL STUDIO 9\BASIC3D\RELEASE\CPORTALS.OBJ
C:\USERS\TESS\DOCUMENTS\VISUAL STUDIO 2012\PROJECTS\DARKGDK - UNOFFICIAL R114(FULL SOURCE)\DARKGDK\DARKGDK\CODE\COMPILER - VISUAL STUDIO 9\BASIC3D\RELEASE\CPLANE.OBJ
C:\USERS\TESS\DOCUMENTS\VISUAL STUDIO 2012\PROJECTS\DARKGDK - UNOFFICIAL R114(FULL SOURCE)\DARKGDK\DARKGDK\CODE\COMPILER - VISUAL STUDIO 9\BASIC3D\RELEASE\COMPILERTYPES.OBJ
C:\USERS\TESS\DOCUMENTS\VISUAL STUDIO 2012\PROJECTS\DARKGDK - UNOFFICIAL R114(FULL SOURCE)\DARKGDK\DARKGDK\CODE\COMPILER - VISUAL STUDIO 9\BASIC3D\RELEASE\CCOMPILER.OBJ
C:\USERS\TESS\DOCUMENTS\VISUAL STUDIO 2012\PROJECTS\DARKGDK - UNOFFICIAL R114(FULL SOURCE)\DARKGDK\DARKGDK\CODE\COMPILER - VISUAL STUDIO 9\BASIC3D\RELEASE\CBSPTREE.OBJ
C:\USERS\TESS\DOCUMENTS\VISUAL STUDIO 2012\PROJECTS\DARKGDK - UNOFFICIAL R114(FULL SOURCE)\DARKGDK\DARKGDK\CODE\COMPILER - VISUAL STUDIO 9\BASIC3D\RELEASE\CBOUNDS.OBJ
C:\USERS\TESS\DOCUMENTS\VISUAL STUDIO 2012\PROJECTS\DARKGDK - UNOFFICIAL R114(FULL SOURCE)\DARKGDK\DARKGDK\CODE\COMPILER - VISUAL STUDIO 9\BASIC3D\RELEASE\CSG.OBJ
C:\USERS\TESS\DOCUMENTS\VISUAL STUDIO 2012\PROJECTS\DARKGDK - UNOFFICIAL R114(FULL SOURCE)\DARKGDK\DARKGDK\CODE\COMPILER - VISUAL STUDIO 9\BASIC3D\RELEASE\UNIVERSE.OBJ
C:\USERS\TESS\DOCUMENTS\VISUAL STUDIO 2012\PROJECTS\DARKGDK - UNOFFICIAL R114(FULL SOURCE)\DARKGDK\DARKGDK\CODE\COMPILER - VISUAL STUDIO 9\BASIC3D\RELEASE\CLIGHTMAPS.OBJ
C:\USERS\TESS\DOCUMENTS\VISUAL STUDIO 2012\PROJECTS\DARKGDK - UNOFFICIAL R114(FULL SOURCE)\DARKGDK\DARKGDK\CODE\COMPILER - VISUAL STUDIO 9\BASIC3D\RELEASE\CDATAC.OBJ
C:\USERS\TESS\DOCUMENTS\VISUAL STUDIO 2012\PROJECTS\DARKGDK - UNOFFICIAL R114(FULL SOURCE)\DARKGDK\DARKGDK\CODE\COMPILER - VISUAL STUDIO 9\BASIC3D\RELEASE\NVMESHMENDERD3DX.OBJ
C:\USERS\TESS\DOCUMENTS\VISUAL STUDIO 2012\PROJECTS\DARKGDK - UNOFFICIAL R114(FULL SOURCE)\DARKGDK\DARKGDK\CODE\COMPILER - VISUAL STUDIO 9\BASIC3D\RELEASE\DBORAWMESH.OBJ
C:\USERS\TESS\DOCUMENTS\VISUAL STUDIO 2012\PROJECTS\DARKGDK - UNOFFICIAL R114(FULL SOURCE)\DARKGDK\DARKGDK\CODE\COMPILER - VISUAL STUDIO 9\BASIC3D\RELEASE\VC110.PDB
C:\USERS\TESS\DOCUMENTS\VISUAL STUDIO 2012\PROJECTS\DARKGDK - UNOFFICIAL R114(FULL SOURCE)\DARKGDK\DARKGDK\CODE\LIB\VS9\BASIC3D.LIB
C:\Users\tess\Documents\Visual Studio 2012\Projects\DarkGDK - Unofficial r114(full source)\DarkGDK\DarkGDK\Code\Compiler - Visual Studio 9\Basic3D\Release\3DCol.obj
C:\Users\tess\Documents\Visual Studio 2012\Projects\DarkGDK - Unofficial r114(full source)\DarkGDK\DarkGDK\Code\Compiler - Visual Studio 9\Basic3D\Release\CBounds.obj
C:\Users\tess\Documents\Visual Studio 2012\Projects\DarkGDK - Unofficial r114(full source)\DarkGDK\DarkGDK\Code\Compiler - Visual Studio 9\Basic3D\Release\cBoxCol.obj
C:\Users\tess\Documents\Visual Studio 2012\Projects\DarkGDK - Unofficial r114(full source)\DarkGDK\DarkGDK\Code\Compiler - Visual Studio 9\Basic3D\Release\CBSPTree.obj
C:\Users\tess\Documents\Visual Studio 2012\Projects\DarkGDK - Unofficial r114(full source)\DarkGDK\DarkGDK\Code\Compiler - Visual Studio 9\Basic3D\Release\CCollision.obj
C:\Users\tess\Documents\Visual Studio 2012\Projects\DarkGDK - Unofficial r114(full source)\DarkGDK\DarkGDK\Code\Compiler - Visual Studio 9\Basic3D\Release\CCompiler.obj
C:\Users\tess\Documents\Visual Studio 2012\Projects\DarkGDK - Unofficial r114(full source)\DarkGDK\DarkGDK\Code\Compiler - Visual Studio 9\Basic3D\Release\CDataC.obj
C:\Users\tess\Documents\Visual Studio 2012\Projects\DarkGDK - Unofficial r114(full source)\DarkGDK\DarkGDK\Code\Compiler - Visual Studio 9\Basic3D\Release\cLightMaps.obj
C:\Users\tess\Documents\Visual Studio 2012\Projects\DarkGDK - Unofficial r114(full source)\DarkGDK\DarkGDK\Code\Compiler - Visual Studio 9\Basic3D\Release\CObjectManagerC.obj
C:\Users\tess\Documents\Visual Studio 2012\Projects\DarkGDK - Unofficial r114(full source)\DarkGDK\DarkGDK\Code\Compiler - Visual Studio 9\Basic3D\Release\CObjectsC.obj
C:\Users\tess\Documents\Visual Studio 2012\Projects\DarkGDK - Unofficial r114(full source)\DarkGDK\DarkGDK\Code\Compiler - Visual Studio 9\Basic3D\Release\Collision.obj
C:\Users\tess\Documents\Visual Studio 2012\Projects\DarkGDK - Unofficial r114(full source)\DarkGDK\DarkGDK\Code\Compiler - Visual Studio 9\Basic3D\Release\col_response.obj
C:\Users\tess\Documents\Visual Studio 2012\Projects\DarkGDK - Unofficial r114(full source)\DarkGDK\DarkGDK\Code\Compiler - Visual Studio 9\Basic3D\Release\col_step.obj
C:\Users\tess\Documents\Visual Studio 2012\Projects\DarkGDK - Unofficial r114(full source)\DarkGDK\DarkGDK\Code\Compiler - Visual Studio 9\Basic3D\Release\col_types.obj
C:\Users\tess\Documents\Visual Studio 2012\Projects\DarkGDK - Unofficial r114(full source)\DarkGDK\DarkGDK\Code\Compiler - Visual Studio 9\Basic3D\Release\CommonC.obj
C:\Users\tess\Documents\Visual Studio 2012\Projects\DarkGDK - Unofficial r114(full source)\DarkGDK\DarkGDK\Code\Compiler - Visual Studio 9\Basic3D\Release\CompilerTypes.obj
C:\Users\tess\Documents\Visual Studio 2012\Projects\DarkGDK - Unofficial r114(full source)\DarkGDK\DarkGDK\Code\Compiler - Visual Studio 9\Basic3D\Release\CPlane.obj
C:\Users\tess\Documents\Visual Studio 2012\Projects\DarkGDK - Unofficial r114(full source)\DarkGDK\DarkGDK\Code\Compiler - Visual Studio 9\Basic3D\Release\CPortals.obj
C:\Users\tess\Documents\Visual Studio 2012\Projects\DarkGDK - Unofficial r114(full source)\DarkGDK\DarkGDK\Code\Compiler - Visual Studio 9\Basic3D\Release\CPositionC.obj
C:\Users\tess\Documents\Visual Studio 2012\Projects\DarkGDK - Unofficial r114(full source)\DarkGDK\DarkGDK\Code\Compiler - Visual Studio 9\Basic3D\Release\CSG.obj
C:\Users\tess\Documents\Visual Studio 2012\Projects\DarkGDK - Unofficial r114(full source)\DarkGDK\DarkGDK\Code\Compiler - Visual Studio 9\Basic3D\Release\CVector.obj
C:\Users\tess\Documents\Visual Studio 2012\Projects\DarkGDK - Unofficial r114(full source)\DarkGDK\DarkGDK\Code\Compiler - Visual Studio 9\Basic3D\Release\DBOBlock.obj
C:\Users\tess\Documents\Visual Studio 2012\Projects\DarkGDK - Unofficial r114(full source)\DarkGDK\DarkGDK\Code\Compiler - Visual Studio 9\Basic3D\Release\DBOData.obj
C:\Users\tess\Documents\Visual Studio 2012\Projects\DarkGDK - Unofficial r114(full source)\DarkGDK\DarkGDK\Code\Compiler - Visual Studio 9\Basic3D\Release\DBOEffects.obj
C:\Users\tess\Documents\Visual Studio 2012\Projects\DarkGDK - Unofficial r114(full source)\DarkGDK\DarkGDK\Code\Compiler - Visual Studio 9\Basic3D\Release\DBOExternals.obj
C:\Users\tess\Documents\Visual Studio 2012\Projects\DarkGDK - Unofficial r114(full source)\DarkGDK\DarkGDK\Code\Compiler - Visual Studio 9\Basic3D\Release\DBOFile.obj
C:\Users\tess\Documents\Visual Studio 2012\Projects\DarkGDK - Unofficial r114(full source)\DarkGDK\DarkGDK\Code\Compiler - Visual Studio 9\Basic3D\Release\DBOFormat.obj
C:\Users\tess\Documents\Visual Studio 2012\Projects\DarkGDK - Unofficial r114(full source)\DarkGDK\DarkGDK\Code\Compiler - Visual Studio 9\Basic3D\Release\DBOFrame.obj
C:\Users\tess\Documents\Visual Studio 2012\Projects\DarkGDK - Unofficial r114(full source)\DarkGDK\DarkGDK\Code\Compiler - Visual Studio 9\Basic3D\Release\DBOMesh.obj
C:\Users\tess\Documents\Visual Studio 2012\Projects\DarkGDK - Unofficial r114(full source)\DarkGDK\DarkGDK\Code\Compiler - Visual Studio 9\Basic3D\Release\DBORawMesh.obj
C:\Users\tess\Documents\Visual Studio 2012\Projects\DarkGDK - Unofficial r114(full source)\DarkGDK\DarkGDK\Code\Compiler - Visual Studio 9\Basic3D\Release\NVMeshMenderD3DX.obj
C:\Users\tess\Documents\Visual Studio 2012\Projects\DarkGDK - Unofficial r114(full source)\DarkGDK\DarkGDK\Code\Compiler - Visual Studio 9\Basic3D\Release\PolyPool.obj
C:\Users\tess\Documents\Visual Studio 2012\Projects\DarkGDK - Unofficial r114(full source)\DarkGDK\DarkGDK\Code\Compiler - Visual Studio 9\Basic3D\Release\ProcessHSR.obj
C:\Users\tess\Documents\Visual Studio 2012\Projects\DarkGDK - Unofficial r114(full source)\DarkGDK\DarkGDK\Code\Compiler - Visual Studio 9\Basic3D\Release\Universe.obj
C:\Users\tess\Documents\Visual Studio 2012\Projects\DarkGDK - Unofficial r114(full source)\DarkGDK\DarkGDK\Code\Compiler - Visual Studio 9\Basic3D\Release\cl.command.1.tlog
C:\Users\tess\Documents\Visual Studio 2012\Projects\DarkGDK - Unofficial r114(full source)\DarkGDK\DarkGDK\Code\Compiler - Visual Studio 9\Basic3D\Release\CL.read.1.tlog
C:\Users\tess\Documents\Visual Studio 2012\Projects\DarkGDK - Unofficial r114(full source)\DarkGDK\DarkGDK\Code\Compiler - Visual Studio 9\Basic3D\Release\CL.write.1.tlog
C:\Users\tess\Documents\Visual Studio 2012\Projects\DarkGDK - Unofficial r114(full source)\DarkGDK\DarkGDK\Code\Compiler - Visual Studio 9\Basic3D\Release\Lib-link.read.1.tlog
C:\Users\tess\Documents\Visual Studio 2012\Projects\DarkGDK - Unofficial r114(full source)\DarkGDK\DarkGDK\Code\Compiler - Visual Studio 9\Basic3D\Release\Lib-link.write.1.tlog
C:\Users\tess\Documents\Visual Studio 2012\Projects\DarkGDK - Unofficial r114(full source)\DarkGDK\DarkGDK\Code\Compiler - Visual Studio 9\Basic3D\Release\lib.command.1.tlog
C:\Users\tess\Documents\Visual Studio 2012\Projects\DarkGDK - Unofficial r114(full source)\DarkGDK\DarkGDK\Code\Compiler - Visual Studio 9\Basic3D\Release\vc110.pdb
