C:\USERS\TESS\DOCUMENTS\VISUAL STUDIO 2012\PROJECTS\DARKGDK - UNOFFICIAL R114(FULL SOURCE)\DARKGDK\DARKGDK\CODE\EXAMPLE\RELEASE\MOC_EXAMPLE.OBJ
C:\USERS\TESS\DOCUMENTS\VISUAL STUDIO 2012\PROJECTS\DARKGDK - UNOFFICIAL R114(FULL SOURCE)\DARKGDK\DARKGDK\CODE\EXAMPLE\RELEASE\EXAMPLE.OBJ
C:\USERS\TESS\DOCUMENTS\VISUAL STUDIO 2012\PROJECTS\DARKGDK - UNOFFICIAL R114(FULL SOURCE)\DARKGDK\DARKGDK\CODE\EXAMPLE\RELEASE\VC110.PDB
C:\USERS\TESS\DOCUMENTS\VISUAL STUDIO 2012\PROJECTS\DARKGDK - UNOFFICIAL R114(FULL SOURCE)\DARKGDK\DARKGDK\CODE\EXAMPLE\MOC_EXAMPLE.CPP
C:\USERS\TESS\DOCUMENTS\VISUAL STUDIO 2012\PROJECTS\DARKGDK - UNOFFICIAL R114(FULL SOURCE)\DARKGDK\DARKGDK\CODE\EXAMPLE\UI_EXAMPLE.H
C:\USERS\TESS\DOCUMENTS\VISUAL STUDIO 2012\PROJECTS\DARKGDK - UNOFFICIAL R114(FULL SOURCE)\DARKGDK\DARKGDK\CODE\COMPILER - VISUAL STUDIO 9\RELEASE\EXAMPLE.EXE
C:\USERS\TESS\DOCUMENTS\VISUAL STUDIO 2012\PROJECTS\DARKGDK - UNOFFICIAL R114(FULL SOURCE)\DARKGDK\DARKGDK\CODE\COMPILER - VISUAL STUDIO 9\RELEASE\EXAMPLE.PDB
C:\Users\tess\Documents\Visual Studio 2012\Projects\DarkGDK - Unofficial r114(full source)\DarkGDK\DarkGDK\Code\example\Release\example.obj
C:\Users\tess\Documents\Visual Studio 2012\Projects\DarkGDK - Unofficial r114(full source)\DarkGDK\DarkGDK\Code\example\Release\moc_example.obj
C:\Users\tess\Documents\Visual Studio 2012\Projects\DarkGDK - Unofficial r114(full source)\DarkGDK\DarkGDK\Code\example\Release\cl.command.1.tlog
C:\Users\tess\Documents\Visual Studio 2012\Projects\DarkGDK - Unofficial r114(full source)\DarkGDK\DarkGDK\Code\example\Release\CL.read.1.tlog
C:\Users\tess\Documents\Visual Studio 2012\Projects\DarkGDK - Unofficial r114(full source)\DarkGDK\DarkGDK\Code\example\Release\CL.write.1.tlog
C:\Users\tess\Documents\Visual Studio 2012\Projects\DarkGDK - Unofficial r114(full source)\DarkGDK\DarkGDK\Code\example\Release\custombuild.command.1.tlog
C:\Users\tess\Documents\Visual Studio 2012\Projects\DarkGDK - Unofficial r114(full source)\DarkGDK\DarkGDK\Code\example\Release\custombuild.read.1.tlog
C:\Users\tess\Documents\Visual Studio 2012\Projects\DarkGDK - Unofficial r114(full source)\DarkGDK\DarkGDK\Code\example\Release\custombuild.write.1.tlog
C:\Users\tess\Documents\Visual Studio 2012\Projects\DarkGDK - Unofficial r114(full source)\DarkGDK\DarkGDK\Code\example\Release\link-cvtres.read.1.tlog
C:\Users\tess\Documents\Visual Studio 2012\Projects\DarkGDK - Unofficial r114(full source)\DarkGDK\DarkGDK\Code\example\Release\link-cvtres.write.1.tlog
C:\Users\tess\Documents\Visual Studio 2012\Projects\DarkGDK - Unofficial r114(full source)\DarkGDK\DarkGDK\Code\example\Release\link-rc.read.1.tlog
C:\Users\tess\Documents\Visual Studio 2012\Projects\DarkGDK - Unofficial r114(full source)\DarkGDK\DarkGDK\Code\example\Release\link-rc.write.1.tlog
C:\Users\tess\Documents\Visual Studio 2012\Projects\DarkGDK - Unofficial r114(full source)\DarkGDK\DarkGDK\Code\example\Release\link.command.1.tlog
C:\Users\tess\Documents\Visual Studio 2012\Projects\DarkGDK - Unofficial r114(full source)\DarkGDK\DarkGDK\Code\example\Release\link.read.1.tlog
C:\Users\tess\Documents\Visual Studio 2012\Projects\DarkGDK - Unofficial r114(full source)\DarkGDK\DarkGDK\Code\example\Release\link.write.1.tlog
C:\Users\tess\Documents\Visual Studio 2012\Projects\DarkGDK - Unofficial r114(full source)\DarkGDK\DarkGDK\Code\example\Release\vc110.pdb
C:\Users\tess\Documents\Visual Studio 2012\Projects\DarkGDK - Unofficial r114(full source)\DarkGDK\DarkGDK\Code\Compiler - Visual Studio 9\Release\example.pdb
C:\Users\tess\Documents\Visual Studio 2012\Projects\DarkGDK - Unofficial r114(full source)\DarkGDK\DarkGDK\Code\Compiler - Visual Studio 9\Release\example.exe
